FILE_TYPE=LIBRARY_PARTS;
PRIMITIVE 'ESY108M050AM2AA','ESY108M050AM2AA_Capacitor, Polarized Radial Diameter';
  PIN
    '+':
      PIN_NUMBER='(1)';
      NO_LOAD_CHECK=BOTH;
      NO_IO_CHECK=BOTH;
      ALLOW_CONNECT=TRUE;
      PINUSE='UNSPEC';
    '-':
      PIN_NUMBER='(2)';
      NO_LOAD_CHECK=BOTH;
      NO_IO_CHECK=BOTH;
      ALLOW_CONNECT=TRUE;
      PINUSE='UNSPEC';
  END_PIN;
  BODY
    PART_NAME='ESY108M050AM2AA';
    PHYS_DES_PREFIX='C';
    NO_LOAD_CHECK='TRUE';
    PIN_COUNT='2';
    BODY_NAME='ESY108M050AM2AA';
    JEDEC_TYPE='CAPPRD750W80D1600H3400';
  END_BODY;
END_PRIMITIVE;
END.
